[2025-05-30 14:29:09] outputing average solution...
[2025-05-30 14:29:11] The file ./output/average_final.plt has been output successfully...
[2025-05-30 14:30:29] outputing average solution...
[2025-05-30 14:30:31] The file ./output/error_final.plt has been output successfully...
[2025-05-30 14:30:31] outputing average solution...
[2025-05-30 14:30:33] The file ./output/average_final.plt has been output successfully...
[2025-05-30 14:35:51] outputing average solution...
[2025-05-30 14:36:00] The file ./output/error_intermediate.plt has been output successfully...
[2025-05-30 14:36:05] outputing average solution...
[2025-05-30 14:36:19] The file ./output/error_intermediate.plt has been output successfully...
[2025-05-30 14:36:25] outputing average solution...
[2025-05-30 14:36:37] The file ./output/error_intermediate.plt has been output successfully...
[2025-05-30 14:36:42] outputing average solution...
[2025-05-30 14:36:50] The file ./output/error_intermediate.plt has been output successfully...
[2025-05-30 14:36:55] outputing average solution...
[2025-05-30 14:37:05] The file ./output/error_intermediate.plt has been output successfully...
[2025-05-30 14:37:10] outputing average solution...
[2025-05-30 14:37:19] The file ./output/error_intermediate.plt has been output successfully...
[2025-05-30 14:37:24] outputing average solution...
[2025-05-30 14:37:34] The file ./output/error_intermediate.plt has been output successfully...
[2025-05-30 14:37:39] outputing average solution...
[2025-05-30 14:37:48] The file ./output/error_intermediate.plt has been output successfully...
[2025-05-30 14:37:54] outputing average solution...
[2025-05-30 14:38:03] The file ./output/error_intermediate.plt has been output successfully...
[2025-05-30 14:40:48] outputing average solution...
[2025-05-30 14:40:57] The file ./output/average_intermediate.plt has been output successfully...
[2025-05-30 14:41:02] outputing average solution...
[2025-05-30 14:41:11] The file ./output/average_intermediate.plt has been output successfully...
[2025-05-30 14:41:16] outputing average solution...
[2025-05-30 14:41:25] The file ./output/average_intermediate.plt has been output successfully...
[2025-05-30 14:41:30] outputing average solution...
[2025-05-30 14:41:39] The file ./output/average_intermediate.plt has been output successfully...
[2025-05-30 14:41:44] outputing average solution...
[2025-05-30 14:41:52] The file ./output/average_intermediate.plt has been output successfully...
[2025-05-30 14:41:57] outputing average solution...
[2025-05-30 14:42:06] The file ./output/average_intermediate.plt has been output successfully...
[2025-05-30 14:42:11] outputing average solution...
[2025-05-30 14:42:19] The file ./output/average_intermediate.plt has been output successfully...
[2025-05-30 14:42:24] outputing average solution...
[2025-05-30 14:42:33] The file ./output/average_intermediate.plt has been output successfully...
[2025-05-30 14:42:38] outputing average solution...
[2025-05-30 14:42:46] The file ./output/average_intermediate.plt has been output successfully...
[2025-05-30 14:43:36] outputing average solution...
[2025-05-30 14:43:45] The file ./output/average_intermediate.plt has been output successfully...
[2025-05-30 14:43:51] outputing average solution...
[2025-05-30 14:44:00] The file ./output/average_intermediate.plt has been output successfully...
[2025-05-30 14:44:05] outputing average solution...
[2025-05-30 14:44:48] outputing average solution...
[2025-05-30 14:44:57] The file ./output/average_intermediate.plt has been output successfully...
[2025-05-30 14:47:53] outputing average solution...
[2025-05-30 14:48:02] The file ./output/average_intermediate.plt has been output successfully...
[2025-05-30 14:48:02] outputing average solution...
[2025-05-30 14:48:11] The file ./output/average_intermediate.plt has been output successfully...
[2025-05-30 14:48:11] outputing average solution...
[2025-05-30 21:02:58] outputing average solution...
[2025-05-30 21:03:15] The file ./output/average_intermediate.plt has been output successfully...
[2025-05-30 21:03:15] outputing average solution...
[2025-05-30 21:05:19] outputing average solution...
[2025-05-30 21:05:35] The file ./output/average_final.plt has been output successfully...
[2025-05-30 22:15:42] outputing average solution...
[2025-05-30 22:15:51] The file ./output/average_final.plt has been output successfully...
[2025-05-30 22:17:13] outputing average solution...
[2025-05-30 22:17:23] The file ./output/average_final.plt has been output successfully...
